#
# There is insufficient memory for the Java Runtime Environment to continue.
# Native memory allocation (mmap) failed to map 268435456 bytes for G1 virtual space
# Possible reasons:
#   The system is out of physical RAM or swap space
#   The process is running with CompressedOops enabled, and the Java Heap may be blocking the growth of the native heap
# Possible solutions:
#   Reduce memory load on the system
#   Increase physical memory or swap space
#   Check if swap backing store is full
#   Decrease Java heap size (-Xmx/-Xms)
#   Decrease number of Java threads
#   Decrease Java thread stack sizes (-Xss)
#   Set larger code cache with -XX:ReservedCodeCacheSize=
#   JVM is running with Zero Based Compressed Oops mode in which the Java heap is
#     placed in the first 32GB address space. The Java Heap base address is the
#     maximum limit for the native heap growth. Please use -XX:HeapBaseMinAddress
#     to set the Java Heap base and to place the Java Heap above 32GB virtual address.
# This output file may be truncated or incomplete.
#
#  Out of Memory Error (os_windows.cpp:3825), pid=19156, tid=18788
#
# JRE version:  (17.0.10) (build )
# Java VM: OpenJDK 64-Bit Server VM (17.0.10+0--11572160, mixed mode, sharing, tiered, compressed oops, compressed class ptrs, g1 gc, windows-amd64)
# No core dump will be written. Minidumps are not enabled by default on client versions of Windows
#

---------------  S U M M A R Y ------------

Command Line: -Djava.awt.headless=true -Djava.util.logging.config.file=C:\Users\User\.android\utp\logging6080775751357827941properties -Dfile.encoding=UTF-8 -Duser.country=US -Duser.language=en -Duser.variant com.google.testing.platform.launcher.Launcher C:\Users\User\.gradle\caches\modules-2\files-2.1\com.google.testing.platform\core\0.0.8-alpha07\185ff5f0c2380a7a283320bc5ec9130dbcbbb030\core-0.0.8-alpha07.jar --proto_config=C:\Users\User\.android\utp\runnerConfig12423084854674842480.pb --proto_server_config=C:\Users\User\.android\utp\serverConfig1171752665138154127.pb

Host: Intel(R) Core(TM) i5-6300U CPU @ 2.40GHz, 4 cores, 15G,  Windows 10 , 64 bit Build 19041 (10.0.19041.3636)
Time: Fri Jun  7 20:32:05 2024 Georgian Standard Time elapsed time: 0.012161 seconds (0d 0h 0m 0s)

---------------  T H R E A D  ---------------

Current thread (0x0000023345fde770):  JavaThread "Unknown thread" [_thread_in_vm, id=18788, stack(0x000000932b700000,0x000000932b800000)]

Stack: [0x000000932b700000,0x000000932b800000]
Native frames: (J=compiled Java code, j=interpreted, Vv=VM code, C=native code)
V  [jvm.dll+0x688e89]
V  [jvm.dll+0x84247a]
V  [jvm.dll+0x8440be]
V  [jvm.dll+0x844723]
V  [jvm.dll+0x24be0f]
V  [jvm.dll+0x685c59]
V  [jvm.dll+0x67a50a]
V  [jvm.dll+0x30cbab]
V  [jvm.dll+0x314056]
V  [jvm.dll+0x363dce]
V  [jvm.dll+0x363fff]
V  [jvm.dll+0x2e2978]
V  [jvm.dll+0x2e38e4]
V  [jvm.dll+0x813011]
V  [jvm.dll+0x371c81]
V  [jvm.dll+0x7f1b66]
V  [jvm.dll+0x3f58df]
V  [jvm.dll+0x3f7511]
C  [jli.dll+0x528f]
C  [ucrtbase.dll+0x21bb2]
C  [KERNEL32.DLL+0x17344]
C  [ntdll.dll+0x526b1]


---------------  P R O C E S S  ---------------

Threads class SMR info:
_java_thread_list=0x00007ffbf24aef58, length=0, elements={
}

Java Threads: ( => current thread )

Other Threads:
  0x0000023346048830 GCTaskThread "GC Thread#0" [stack: 0x000000932b800000,0x000000932b900000] [id=10092]
  0x00000233460595d0 ConcurrentGCThread "G1 Main Marker" [stack: 0x000000932b900000,0x000000932ba00000] [id=19948]
  0x000002334605a790 ConcurrentGCThread "G1 Conc#0" [stack: 0x000000932ba00000,0x000000932bb00000] [id=18532]

[error occurred during error reporting (printing all threads), id 0xc0000005, EXCEPTION_ACCESS_VIOLATION (0xc0000005) at pc=0x00007ffbf1c63547]

VM state: not at safepoint (not fully initialized)

VM Mutex/Monitor currently owned by a thread:  ([mutex/lock_event])
[0x0000023345fd9790] Heap_lock - owner thread: 0x0000023345fde770

Heap address: 0x0000000701a00000, size: 4070 MB, Compressed Oops mode: Zero based, Oop shift amount: 3

CDS archive(s) mapped at: [0x0000000000000000-0x0000000000000000-0x0000000000000000), size 0, SharedBaseAddress: 0x0000000800000000, ArchiveRelocationMode: 1.
Narrow klass base: 0x0000000000000000, Narrow klass shift: 0, Narrow klass range: 0x0

GC Precious Log:
<Empty>

Heap:
 garbage-first heap   total 0K, used 0K [0x0000000701a00000, 0x0000000800000000)
  region size 2048K, 0 young (0K), 0 survivors (0K)
 Metaspace       used 0K, committed 0K, reserved 0K
  class space    used 0K, committed 0K, reserved 0K

Heap Regions: E=young(eden), S=young(survivor), O=old, HS=humongous(starts), HC=humongous(continues), CS=collection set, F=free, OA=open archive, CA=closed archive, TAMS=top-at-mark-start (previous, next)

Card table byte_map: [0x0000023358cb0000,0x00000233594b0000] _byte_map_base: 0x00000233554a3000

Marking Bits (Prev, Next): (CMBitMap*) 0x0000023346048e50, (CMBitMap*) 0x0000023346048e90
 Prev Bits: [0x0000023359cb0000, 0x000002335dc48000)
 Next Bits: [0x000002335dc50000, 0x0000023361be8000)

GC Heap History (0 events):
No events

Dll operation events (1 events):
Event: 0.008 Loaded shared library C:\Program Files\Android\Android Studio\jbr\bin\java.dll

Deoptimization events (0 events):
No events

Classes unloaded (0 events):
No events

Classes redefined (0 events):
No events

Internal exceptions (0 events):
No events

VM Operations (0 events):
No events

Events (0 events):
No events


Dynamic libraries:
0x00007ff6411c0000 - 0x00007ff6411ca000 	C:\Program Files\Android\Android Studio\jbr\bin\java.exe
0x00007ffc60210000 - 0x00007ffc60408000 	C:\Windows\SYSTEM32\ntdll.dll
0x00007ffc5f5f0000 - 0x00007ffc5f6ad000 	C:\Windows\System32\KERNEL32.DLL
0x00007ffc5da40000 - 0x00007ffc5dd36000 	C:\Windows\System32\KERNELBASE.dll
0x00007ffc5a670000 - 0x00007ffc5a700000 	C:\Windows\SYSTEM32\apphelp.dll
0x00007ffc5dd40000 - 0x00007ffc5de40000 	C:\Windows\System32\ucrtbase.dll
0x00007ffc3c4d0000 - 0x00007ffc3c4eb000 	C:\Program Files\Android\Android Studio\jbr\bin\VCRUNTIME140.dll
0x00007ffc533d0000 - 0x00007ffc533e7000 	C:\Program Files\Android\Android Studio\jbr\bin\jli.dll
0x00007ffc51c50000 - 0x00007ffc51eea000 	C:\Windows\WinSxS\amd64_microsoft.windows.common-controls_6595b64144ccf1df_6.0.19041.4355_none_60b8b9eb71f62e16\COMCTL32.dll
0x00007ffc5fe70000 - 0x00007ffc6000f000 	C:\Windows\System32\USER32.dll
0x00007ffc5fdd0000 - 0x00007ffc5fe6e000 	C:\Windows\System32\msvcrt.dll
0x00007ffc5e210000 - 0x00007ffc5e232000 	C:\Windows\System32\win32u.dll
0x00007ffc5fda0000 - 0x00007ffc5fdcb000 	C:\Windows\System32\GDI32.dll
0x00007ffc5dfa0000 - 0x00007ffc5e0b7000 	C:\Windows\System32\gdi32full.dll
0x00007ffc5d8c0000 - 0x00007ffc5d95d000 	C:\Windows\System32\msvcp_win.dll
0x00007ffc5fb30000 - 0x00007ffc5fb62000 	C:\Windows\System32\IMM32.DLL
0x00007ffc46d50000 - 0x00007ffc46d5c000 	C:\Program Files\Android\Android Studio\jbr\bin\vcruntime140_1.dll
0x00007ffc1be20000 - 0x00007ffc1bead000 	C:\Program Files\Android\Android Studio\jbr\bin\msvcp140.dll
0x00007ffbf1970000 - 0x00007ffbf25f3000 	C:\Program Files\Android\Android Studio\jbr\bin\server\jvm.dll
0x00007ffc5efc0000 - 0x00007ffc5f070000 	C:\Windows\System32\ADVAPI32.dll
0x00007ffc5ee90000 - 0x00007ffc5ef30000 	C:\Windows\System32\sechost.dll
0x00007ffc5e520000 - 0x00007ffc5e643000 	C:\Windows\System32\RPCRT4.dll
0x00007ffc5e0c0000 - 0x00007ffc5e0e7000 	C:\Windows\System32\bcrypt.dll
0x00007ffc5cde0000 - 0x00007ffc5ce2b000 	C:\Windows\SYSTEM32\POWRPROF.dll
0x00007ffc4edf0000 - 0x00007ffc4edf9000 	C:\Windows\SYSTEM32\WSOCK32.dll
0x00007ffc52ec0000 - 0x00007ffc52ee7000 	C:\Windows\SYSTEM32\WINMM.dll
0x00007ffc60090000 - 0x00007ffc600fb000 	C:\Windows\System32\WS2_32.dll
0x00007ffc57980000 - 0x00007ffc5798a000 	C:\Windows\SYSTEM32\VERSION.dll
0x00007ffc5ccb0000 - 0x00007ffc5ccc2000 	C:\Windows\SYSTEM32\UMPDC.dll
0x00007ffc5c0d0000 - 0x00007ffc5c0e2000 	C:\Windows\SYSTEM32\kernel.appcore.dll
0x00007ffc57680000 - 0x00007ffc5768a000 	C:\Program Files\Android\Android Studio\jbr\bin\jimage.dll
0x00007ffc5b630000 - 0x00007ffc5b814000 	C:\Windows\SYSTEM32\DBGHELP.DLL
0x00007ffc55380000 - 0x00007ffc553b4000 	C:\Windows\SYSTEM32\dbgcore.DLL
0x00007ffc5d960000 - 0x00007ffc5d9e2000 	C:\Windows\System32\bcryptPrimitives.dll
0x00007ffc53c80000 - 0x00007ffc53ca5000 	C:\Program Files\Android\Android Studio\jbr\bin\java.dll

dbghelp: loaded successfully - version: 4.0.5 - missing functions: none
symbol engine: initialized successfully - sym options: 0x614 - pdb path: .;C:\Program Files\Android\Android Studio\jbr\bin;C:\Windows\SYSTEM32;C:\Windows\WinSxS\amd64_microsoft.windows.common-controls_6595b64144ccf1df_6.0.19041.4355_none_60b8b9eb71f62e16;C:\Program Files\Android\Android Studio\jbr\bin\server

VM Arguments:
jvm_args: -Djava.awt.headless=true -Djava.util.logging.config.file=C:\Users\User\.android\utp\logging6080775751357827941properties -Dfile.encoding=UTF-8 -Duser.country=US -Duser.language=en -Duser.variant 
java_command: com.google.testing.platform.launcher.Launcher C:\Users\User\.gradle\caches\modules-2\files-2.1\com.google.testing.platform\core\0.0.8-alpha07\185ff5f0c2380a7a283320bc5ec9130dbcbbb030\core-0.0.8-alpha07.jar --proto_config=C:\Users\User\.android\utp\runnerConfig12423084854674842480.pb --proto_server_config=C:\Users\User\.android\utp\serverConfig1171752665138154127.pb
java_class_path (initial): C:\Users\User\.gradle\caches\modules-2\files-2.1\com.google.testing.platform\launcher\0.0.8-alpha07\47d15094202612b26f5a07fbfbe17ff8900a58c4\launcher-0.0.8-alpha07.jar
Launcher Type: SUN_STANDARD

[Global flags]
     intx CICompilerCount                          = 3                                         {product} {ergonomic}
     uint ConcGCThreads                            = 1                                         {product} {ergonomic}
     uint G1ConcRefinementThreads                  = 4                                         {product} {ergonomic}
   size_t G1HeapRegionSize                         = 2097152                                   {product} {ergonomic}
    uintx GCDrainStackTargetSize                   = 64                                        {product} {ergonomic}
   size_t InitialHeapSize                          = 268435456                                 {product} {ergonomic}
   size_t MarkStackSize                            = 4194304                                   {product} {ergonomic}
   size_t MaxHeapSize                              = 4267704320                                {product} {ergonomic}
   size_t MinHeapDeltaBytes                        = 2097152                                   {product} {ergonomic}
   size_t MinHeapSize                              = 8388608                                   {product} {ergonomic}
    uintx NonNMethodCodeHeapSize                   = 5832780                                {pd product} {ergonomic}
    uintx NonProfiledCodeHeapSize                  = 122912730                              {pd product} {ergonomic}
    uintx ProfiledCodeHeapSize                     = 122912730                              {pd product} {ergonomic}
    uintx ReservedCodeCacheSize                    = 251658240                              {pd product} {ergonomic}
     bool SegmentedCodeCache                       = true                                      {product} {ergonomic}
   size_t SoftMaxHeapSize                          = 4267704320                             {manageable} {ergonomic}
     bool UseCompressedClassPointers               = true                           {product lp64_product} {ergonomic}
     bool UseCompressedOops                        = true                           {product lp64_product} {ergonomic}
     bool UseG1GC                                  = true                                      {product} {ergonomic}
     bool UseLargePagesIndividualAllocation        = false                                  {pd product} {ergonomic}

Logging:
Log output configuration:
 #0: stdout all=warning uptime,level,tags
 #1: stderr all=off uptime,level,tags

Environment Variables:
JAVA_HOME=C:\Program Files\Java\jdk-17
PATH=c:\program files (x86)\smartbear\testcomplete 15\x64\bin;C:\Program Files (x86)\Common Files\Oracle\Java\javapath;C:\Python311\Scripts\;C:\Python311\;C:\Users\User\.ipython\New folder;C:\Users\User\.ipython\New folder\Library\mingw-w64\bin;C:\Users\User\.ipython\New folder\Library\usr\bin;C:\Users\User\.ipython\New folder\Library\bin;C:\Users\User\.ipython\New folder\Scripts;C:\Program Files\Common Files\Oracle\Java\javapath;C:\Windows\system32;C:\Windows;C:\Windows\System32\Wbem;C:\Windows\System32\WindowsPowerShell\v1.0\;C:\Program Files\Java\jdk-17\bin;C:\Program Files\Git\cmd;C:\Program Files\nodejs\;C:\ProgramData\chocolatey\bin;C:\Program Files\Microsoft SQL Server\Client SDK\ODBC\170\Tools\Binn\;C:\Program Files (x86)\Microsoft SQL Server\150\Tools\Binn\;C:\Program Files\Microsoft SQL Server\150\Tools\Binn\;C:\Program Files\Microsoft SQL Server\150\DTS\Binn\;C:\Program Files (x86)\Microsoft SQL Server\160\DTS\Binn\;C:\Users\User\scoop\shims;C:\Users\User\AppData\Local\Microsoft\WindowsApps;C:\Program Files\JetBrains\IntelliJ IDEA Community Edition 2021.2.2\bin;;D:\Microsoft VS Code\bin;D:\modelsim_ase\win32aloem;C:\Users\User\AppData\Local\GitHubDesktop\bin;C:\ProgramData\User\GitHubDesktop\bin;C:\Users\User\AppData\Roaming\npm;C:\Users\User\scoop\apps\allure\2.28.0\bin;C:\Program Files\Java\jdk-17\bin;;C:\Program Files\JetBrains\Aqua 241.15989.28\bin;
USERNAME=User
OS=Windows_NT
PROCESSOR_IDENTIFIER=Intel64 Family 6 Model 78 Stepping 3, GenuineIntel
TMP=C:\Users\User\AppData\Local\Temp
TEMP=C:\Users\User\AppData\Local\Temp



Periodic native trim disabled

JNI global refs:
JNI global refs: 0, weak refs: 0

JNI global refs memory usage: 0, weak refs: 0

OOME stack traces (most recent first):
Classloader memory used:


---------------  S Y S T E M  ---------------

OS:
 Windows 10 , 64 bit Build 19041 (10.0.19041.3636)
OS uptime: 22 days 22:19 hours

CPU: total 4 (initial active 4) (2 cores per cpu, 2 threads per core) family 6 model 78 stepping 3 microcode 0xcc, cx8, cmov, fxsr, ht, mmx, 3dnowpref, sse, sse2, sse3, ssse3, sse4.1, sse4.2, popcnt, lzcnt, tsc, tscinvbit, avx, avx2, aes, erms, clmul, bmi1, bmi2, rtm, adx, fma, vzeroupper, clflush, clflushopt
Processor Information for all 4 processors :
  Max Mhz: 2496, Current Mhz: 2496, Mhz Limit: 2496

Memory: 4k page, system-wide physical 16275M (1126M free)
TotalPageFile size 31523M (AvailPageFile size 216M)
current process WorkingSet (physical memory assigned to process): 11M, peak: 11M
current process commit charge ("private bytes"): 52M, peak: 308M

vm_info: OpenJDK 64-Bit Server VM (17.0.10+0--11572160) for windows-amd64 JRE (17.0.10+0--11572160), built on Mar 13 2024 23:56:38 by "androidbuild" with MS VC++ 16.10 / 16.11 (VS2019)

END.
